[INFO] Scanning for projects...
[INFO] 
[INFO] ------------------< com.dailycodework:lakeSide-hotel >------------------
[INFO] Building lakeSide-hotel 0.0.1-SNAPSHOT
[INFO]   from pom.xml
[INFO] --------------------------------[ jar ]---------------------------------
[INFO] 
[INFO] >>> spring-boot:3.1.4:run (default-cli) > test-compile @ lakeSide-hotel >>>
[INFO] 
[INFO] --- resources:3.3.1:resources (default-resources) @ lakeSide-hotel ---
[INFO] Copying 2 resources from src/main/resources to target/classes
[INFO] Copying 8 resources from src/main/resources to target/classes
[INFO] 
[INFO] --- compiler:3.11.0:compile (default-compile) @ lakeSide-hotel ---
[INFO] Nothing to compile - all classes are up to date
[INFO] 
[INFO] --- resources:3.3.1:testResources (default-testResources) @ lakeSide-hotel ---
[INFO] skip non existing resourceDirectory /Users/hariparthu/Hari Documents/JAVA/pro 2/lakeSide-hotel-demo-server-master/src/test/resources
[INFO] 
[INFO] --- compiler:3.11.0:testCompile (default-testCompile) @ lakeSide-hotel ---
[INFO] Nothing to compile - all classes are up to date
[INFO] 
[INFO] <<< spring-boot:3.1.4:run (default-cli) < test-compile @ lakeSide-hotel <<<
[INFO] 
[INFO] 
[INFO] --- spring-boot:3.1.4:run (default-cli) @ lakeSide-hotel ---
[INFO] Attaching agents: []

  .   ____          _            __ _ _
 /\\ / ___'_ __ _ _(_)_ __  __ _ \ \ \ \
( ( )\___ | '_ | '_| | '_ \/ _` | \ \ \ \
 \\/  ___)| |_)| | | | | || (_| |  ) ) ) )
  '  |____| .__|_| |_|_| |_\__, | / / / /
 =========|_|==============|___/=/_/_/_/
 :: Spring Boot ::                (v3.1.4)

2025-09-18T00:00:06.397+05:30  INFO 53368 --- [           main] c.d.l.LakeSideHotelApplication           : Starting LakeSideHotelApplication using Java 21.0.8 with PID 53368 (/Users/hariparthu/Hari Documents/JAVA/pro 2/lakeSide-hotel-demo-server-master/target/classes started by hariparthu in /Users/hariparthu/Hari Documents/JAVA/pro 2/lakeSide-hotel-demo-server-master)
2025-09-18T00:00:06.398+05:30  INFO 53368 --- [           main] c.d.l.LakeSideHotelApplication           : No active profile set, falling back to 1 default profile: "default"
2025-09-18T00:00:06.620+05:30  INFO 53368 --- [           main] .s.d.r.c.RepositoryConfigurationDelegate : Bootstrapping Spring Data JPA repositories in DEFAULT mode.
2025-09-18T00:00:06.637+05:30  INFO 53368 --- [           main] .s.d.r.c.RepositoryConfigurationDelegate : Finished Spring Data repository scanning in 15 ms. Found 4 JPA repository interfaces.
2025-09-18T00:00:06.821+05:30  INFO 53368 --- [           main] o.s.b.w.embedded.tomcat.TomcatWebServer  : Tomcat initialized with port(s): 8080 (http)
2025-09-18T00:00:06.824+05:30  INFO 53368 --- [           main] o.apache.catalina.core.StandardService   : Starting service [Tomcat]
2025-09-18T00:00:06.824+05:30  INFO 53368 --- [           main] o.apache.catalina.core.StandardEngine    : Starting Servlet engine: [Apache Tomcat/10.1.13]
2025-09-18T00:00:06.847+05:30  INFO 53368 --- [           main] o.a.c.c.C.[Tomcat].[localhost].[/]       : Initializing Spring embedded WebApplicationContext
2025-09-18T00:00:06.848+05:30  INFO 53368 --- [           main] w.s.c.ServletWebServerApplicationContext : Root WebApplicationContext: initialization completed in 382 ms
2025-09-18T00:00:06.893+05:30  INFO 53368 --- [           main] o.hibernate.jpa.internal.util.LogHelper  : HHH000204: Processing PersistenceUnitInfo [name: default]
2025-09-18T00:00:06.905+05:30  INFO 53368 --- [           main] org.hibernate.Version                    : HHH000412: Hibernate ORM core version 6.2.9.Final
2025-09-18T00:00:06.906+05:30  INFO 53368 --- [           main] org.hibernate.cfg.Environment            : HHH000406: Using bytecode reflection optimizer
2025-09-18T00:00:06.942+05:30  INFO 53368 --- [           main] o.h.b.i.BytecodeProviderInitiator        : HHH000021: Bytecode provider name : bytebuddy
2025-09-18T00:00:06.977+05:30  INFO 53368 --- [           main] o.s.o.j.p.SpringPersistenceUnitInfo      : No LoadTimeWeaver setup: ignoring JPA class transformer
2025-09-18T00:00:06.982+05:30  INFO 53368 --- [           main] com.zaxxer.hikari.HikariDataSource       : HikariPool-1 - Starting...
2025-09-18T00:00:07.089+05:30  INFO 53368 --- [           main] com.zaxxer.hikari.pool.HikariPool        : HikariPool-1 - Added connection com.mysql.cj.jdbc.ConnectionImpl@428eb3d5
2025-09-18T00:00:07.089+05:30  INFO 53368 --- [           main] com.zaxxer.hikari.HikariDataSource       : HikariPool-1 - Start completed.
2025-09-18T00:00:07.163+05:30  INFO 53368 --- [           main] o.h.b.i.BytecodeProviderInitiator        : HHH000021: Bytecode provider name : bytebuddy
2025-09-18T00:00:07.364+05:30  INFO 53368 --- [           main] o.h.e.t.j.p.i.JtaPlatformInitiator       : HHH000490: Using JtaPlatform implementation: [org.hibernate.engine.transaction.jta.platform.internal.NoJtaPlatform]
2025-09-18T00:00:07.402+05:30  INFO 53368 --- [           main] j.LocalContainerEntityManagerFactoryBean : Initialized JPA EntityManagerFactory for persistence unit 'default'
2025-09-18T00:00:07.597+05:30  INFO 53368 --- [           main] o.s.d.j.r.query.QueryEnhancerFactory     : Hibernate is in classpath; If applicable, HQL parser will be used.
2025-09-18T00:00:07.770+05:30  WARN 53368 --- [           main] JpaBaseConfiguration$JpaWebConfiguration : spring.jpa.open-in-view is enabled by default. Therefore, database queries may be performed during view rendering. Explicitly configure spring.jpa.open-in-view to disable this warning
2025-09-18T00:00:07.889+05:30  INFO 53368 --- [           main] o.s.s.web.DefaultSecurityFilterChain     : Will secure any request with [org.springframework.security.web.session.DisableEncodeUrlFilter@1923a29a, org.springframework.security.web.context.request.async.WebAsyncManagerIntegrationFilter@6dbf042, org.springframework.security.web.context.SecurityContextHolderFilter@202e0ff4, org.springframework.security.web.header.HeaderWriterFilter@562fa8f2, org.springframework.security.web.authentication.logout.LogoutFilter@5f83fdf6, com.dailycodework.lakesidehotel.security.jwt.AuthTokenFilter@195888a6, org.springframework.security.web.authentication.UsernamePasswordAuthenticationFilter@6ced9545, org.springframework.security.web.savedrequest.RequestCacheAwareFilter@357f7e2d, org.springframework.security.web.servletapi.SecurityContextHolderAwareRequestFilter@30396acf, org.springframework.security.web.authentication.AnonymousAuthenticationFilter@61c0a61, org.springframework.security.web.session.SessionManagementFilter@30422a69, org.springframework.security.web.access.ExceptionTranslationFilter@5c085d4a, org.springframework.security.web.access.intercept.AuthorizationFilter@10d1f6da]
2025-09-18T00:00:07.995+05:30  WARN 53368 --- [           main] ConfigServletWebServerApplicationContext : Exception encountered during context initialization - cancelling refresh attempt: org.springframework.context.ApplicationContextException: Failed to start bean 'webServerStartStop'
2025-09-18T00:00:07.996+05:30  INFO 53368 --- [           main] j.LocalContainerEntityManagerFactoryBean : Closing JPA EntityManagerFactory for persistence unit 'default'
2025-09-18T00:00:07.996+05:30  INFO 53368 --- [           main] com.zaxxer.hikari.HikariDataSource       : HikariPool-1 - Shutdown initiated...
2025-09-18T00:00:07.999+05:30  INFO 53368 --- [           main] com.zaxxer.hikari.HikariDataSource       : HikariPool-1 - Shutdown completed.
2025-09-18T00:00:08.000+05:30  INFO 53368 --- [           main] o.apache.catalina.core.StandardService   : Stopping service [Tomcat]
2025-09-18T00:00:08.003+05:30  INFO 53368 --- [           main] .s.b.a.l.ConditionEvaluationReportLogger : 

Error starting ApplicationContext. To display the condition evaluation report re-run your application with 'debug' enabled.
2025-09-18T00:00:08.007+05:30 ERROR 53368 --- [           main] o.s.b.d.LoggingFailureAnalysisReporter   : 

***************************
APPLICATION FAILED TO START
***************************

Description:

Web server failed to start. Port 8080 was already in use.

Action:

Identify and stop the process that's listening on port 8080 or configure this application to listen on another port.

[INFO] ------------------------------------------------------------------------
[INFO] BUILD FAILURE
[INFO] ------------------------------------------------------------------------
[INFO] Total time:  2.242 s
[INFO] Finished at: 2025-09-18T00:00:08+05:30
[INFO] ------------------------------------------------------------------------
[ERROR] Failed to execute goal org.springframework.boot:spring-boot-maven-plugin:3.1.4:run (default-cli) on project lakeSide-hotel: Process terminated with exit code: 1 -> [Help 1]
[ERROR] 
[ERROR] To see the full stack trace of the errors, re-run Maven with the -e switch.
[ERROR] Re-run Maven using the -X switch to enable full debug logging.
[ERROR] 
[ERROR] For more information about the errors and possible solutions, please read the following articles:
[ERROR] [Help 1] http://cwiki.apache.org/confluence/display/MAVEN/MojoExecutionException
