
  .   ____          _            __ _ _
 /\\ / ___'_ __ _ _(_)_ __  __ _ \ \ \ \
( ( )\___ | '_ | '_| | '_ \/ _` | \ \ \ \
 \\/  ___)| |_)| | | | | || (_| |  ) ) ) )
  '  |____| .__|_| |_|_| |_\__, | / / / /
 =========|_|==============|___/=/_/_/_/
 :: Spring Boot ::                (v3.1.4)

2025-09-18T09:40:22.739+05:30  INFO 75389 --- [           main] c.d.l.LakeSideHotelApplication           : Starting LakeSideHotelApplication v0.0.1-SNAPSHOT using Java 21.0.8 with PID 75389 (/Users/hariparthu/Hari Documents/JAVA/pro 2/lakeSide-hotel-demo-server-master/target/lakeSide-hotel-0.0.1-SNAPSHOT.jar started by hariparthu in /Users/hariparthu/Hari Documents/JAVA/pro 2/lakeSide-hotel-demo-server-master)
2025-09-18T09:40:22.740+05:30  INFO 75389 --- [           main] c.d.l.LakeSideHotelApplication           : No active profile set, falling back to 1 default profile: "default"
2025-09-18T09:40:23.080+05:30  INFO 75389 --- [           main] .s.d.r.c.RepositoryConfigurationDelegate : Bootstrapping Spring Data JPA repositories in DEFAULT mode.
2025-09-18T09:40:23.103+05:30  INFO 75389 --- [           main] .s.d.r.c.RepositoryConfigurationDelegate : Finished Spring Data repository scanning in 20 ms. Found 4 JPA repository interfaces.
2025-09-18T09:40:23.365+05:30  INFO 75389 --- [           main] o.s.b.w.embedded.tomcat.TomcatWebServer  : Tomcat initialized with port(s): 8080 (http)
2025-09-18T09:40:23.370+05:30  INFO 75389 --- [           main] o.apache.catalina.core.StandardService   : Starting service [Tomcat]
2025-09-18T09:40:23.370+05:30  INFO 75389 --- [           main] o.apache.catalina.core.StandardEngine    : Starting Servlet engine: [Apache Tomcat/10.1.13]
2025-09-18T09:40:23.396+05:30  INFO 75389 --- [           main] o.a.c.c.C.[Tomcat].[localhost].[/]       : Initializing Spring embedded WebApplicationContext
2025-09-18T09:40:23.396+05:30  INFO 75389 --- [           main] w.s.c.ServletWebServerApplicationContext : Root WebApplicationContext: initialization completed in 557 ms
2025-09-18T09:40:23.453+05:30  INFO 75389 --- [           main] o.hibernate.jpa.internal.util.LogHelper  : HHH000204: Processing PersistenceUnitInfo [name: default]
2025-09-18T09:40:23.479+05:30  INFO 75389 --- [           main] org.hibernate.Version                    : HHH000412: Hibernate ORM core version 6.2.9.Final
2025-09-18T09:40:23.480+05:30  INFO 75389 --- [           main] org.hibernate.cfg.Environment            : HHH000406: Using bytecode reflection optimizer
2025-09-18T09:40:23.525+05:30  INFO 75389 --- [           main] o.h.b.i.BytecodeProviderInitiator        : HHH000021: Bytecode provider name : bytebuddy
2025-09-18T09:40:23.573+05:30  INFO 75389 --- [           main] o.s.o.j.p.SpringPersistenceUnitInfo      : No LoadTimeWeaver setup: ignoring JPA class transformer
2025-09-18T09:40:23.580+05:30  INFO 75389 --- [           main] com.zaxxer.hikari.HikariDataSource       : HikariPool-1 - Starting...
2025-09-18T09:40:23.722+05:30  INFO 75389 --- [           main] com.zaxxer.hikari.pool.HikariPool        : HikariPool-1 - Added connection com.mysql.cj.jdbc.ConnectionImpl@23382f76
2025-09-18T09:40:23.723+05:30  INFO 75389 --- [           main] com.zaxxer.hikari.HikariDataSource       : HikariPool-1 - Start completed.
2025-09-18T09:40:23.816+05:30  INFO 75389 --- [           main] o.h.b.i.BytecodeProviderInitiator        : HHH000021: Bytecode provider name : bytebuddy
2025-09-18T09:40:24.070+05:30  INFO 75389 --- [           main] o.h.e.t.j.p.i.JtaPlatformInitiator       : HHH000490: Using JtaPlatform implementation: [org.hibernate.engine.transaction.jta.platform.internal.NoJtaPlatform]
2025-09-18T09:40:24.111+05:30  INFO 75389 --- [           main] j.LocalContainerEntityManagerFactoryBean : Initialized JPA EntityManagerFactory for persistence unit 'default'
2025-09-18T09:40:24.279+05:30  INFO 75389 --- [           main] o.s.d.j.r.query.QueryEnhancerFactory     : Hibernate is in classpath; If applicable, HQL parser will be used.
2025-09-18T09:40:24.517+05:30  WARN 75389 --- [           main] JpaBaseConfiguration$JpaWebConfiguration : spring.jpa.open-in-view is enabled by default. Therefore, database queries may be performed during view rendering. Explicitly configure spring.jpa.open-in-view to disable this warning
2025-09-18T09:40:24.596+05:30  INFO 75389 --- [           main] o.s.s.web.DefaultSecurityFilterChain     : Will secure any request with [org.springframework.security.web.session.DisableEncodeUrlFilter@43549c6c, org.springframework.security.web.context.request.async.WebAsyncManagerIntegrationFilter@7792e14f, org.springframework.security.web.context.SecurityContextHolderFilter@1ba3c03d, org.springframework.security.web.header.HeaderWriterFilter@af94b0b, org.springframework.security.web.authentication.logout.LogoutFilter@3fd6dfbc, com.dailycodework.lakesidehotel.security.jwt.AuthTokenFilter@abad89c, org.springframework.security.web.authentication.UsernamePasswordAuthenticationFilter@27e3dc9a, org.springframework.security.web.savedrequest.RequestCacheAwareFilter@749c0669, org.springframework.security.web.servletapi.SecurityContextHolderAwareRequestFilter@4468c0ea, org.springframework.security.web.authentication.AnonymousAuthenticationFilter@4eace42b, org.springframework.security.web.session.SessionManagementFilter@1831447c, org.springframework.security.web.access.ExceptionTranslationFilter@627d5f1, org.springframework.security.web.access.intercept.AuthorizationFilter@7348e75e]
2025-09-18T09:40:24.733+05:30  INFO 75389 --- [           main] o.s.b.w.embedded.tomcat.TomcatWebServer  : Tomcat started on port(s): 8080 (http) with context path ''
2025-09-18T09:40:24.740+05:30  INFO 75389 --- [           main] c.d.l.LakeSideHotelApplication           : Started LakeSideHotelApplication in 2.158 seconds (process running for 2.337)
2025-09-18T09:40:24.764+05:30 DEBUG 75389 --- [           main] org.hibernate.SQL                        : 
    select
        count(*) 
    from
        room r1_0
Hibernate: 
    select
        count(*) 
    from
        room r1_0
2025-09-18T09:40:24.768+05:30  INFO 75389 --- [           main] c.d.l.service.DataInitializationService  : Room data already exists, checking for dummy images...
2025-09-18T09:40:24.773+05:30 DEBUG 75389 --- [           main] org.hibernate.SQL                        : 
    select
        r1_0.id,
        r1_0.is_booked,
        r1_0.photo,
        r1_0.room_price,
        r1_0.room_type 
    from
        room r1_0
Hibernate: 
    select
        r1_0.id,
        r1_0.is_booked,
        r1_0.photo,
        r1_0.room_price,
        r1_0.room_type 
    from
        room r1_0
2025-09-18T09:40:24.790+05:30  INFO 75389 --- [           main] c.d.l.service.DataInitializationService  : No rooms found with dummy image data
2025-09-18T09:40:30.459+05:30  INFO 75389 --- [nio-8080-exec-1] o.a.c.c.C.[Tomcat].[localhost].[/]       : Initializing Spring DispatcherServlet 'dispatcherServlet'
2025-09-18T09:40:30.461+05:30  INFO 75389 --- [nio-8080-exec-1] o.s.web.servlet.DispatcherServlet        : Initializing Servlet 'dispatcherServlet'
2025-09-18T09:40:30.461+05:30  INFO 75389 --- [nio-8080-exec-1] o.s.web.servlet.DispatcherServlet        : Completed initialization in 0 ms
2025-09-18T09:40:30.481+05:30 DEBUG 75389 --- [nio-8080-exec-1] org.hibernate.SQL                        : 
    select
        r1_0.id,
        r1_0.is_booked,
        r1_0.photo,
        r1_0.room_price,
        r1_0.room_type 
    from
        room r1_0
Hibernate: 
    select
        r1_0.id,
        r1_0.is_booked,
        r1_0.photo,
        r1_0.room_price,
        r1_0.room_type 
    from
        room r1_0
2025-09-18T09:41:38.379+05:30 DEBUG 75389 --- [nio-8080-exec-2] org.hibernate.SQL                        : 
    select
        r1_0.id,
        r1_0.is_booked,
        r1_0.photo,
        r1_0.room_price,
        r1_0.room_type 
    from
        room r1_0 
    where
        r1_0.id=?
Hibernate: 
    select
        r1_0.id,
        r1_0.is_booked,
        r1_0.photo,
        r1_0.room_price,
        r1_0.room_type 
    from
        room r1_0 
    where
        r1_0.id=?
2025-09-18T09:41:46.181+05:30 DEBUG 75389 --- [nio-8080-exec-5] org.hibernate.SQL                        : 
    select
        r1_0.id,
        r1_0.is_booked,
        r1_0.photo,
        r1_0.room_price,
        r1_0.room_type 
    from
        room r1_0 
    where
        r1_0.id=?
Hibernate: 
    select
        r1_0.id,
        r1_0.is_booked,
        r1_0.photo,
        r1_0.room_price,
        r1_0.room_type 
    from
        room r1_0 
    where
        r1_0.id=?
2025-09-18T09:41:51.259+05:30 DEBUG 75389 --- [nio-8080-exec-4] org.hibernate.SQL                        : 
    select
        r1_0.id,
        r1_0.is_booked,
        r1_0.photo,
        r1_0.room_price,
        r1_0.room_type 
    from
        room r1_0 
    where
        r1_0.id=?
Hibernate: 
    select
        r1_0.id,
        r1_0.is_booked,
        r1_0.photo,
        r1_0.room_price,
        r1_0.room_type 
    from
        room r1_0 
    where
        r1_0.id=?
2025-09-18T09:41:54.826+05:30 DEBUG 75389 --- [nio-8080-exec-6] org.hibernate.SQL                        : 
    select
        r1_0.id,
        r1_0.is_booked,
        r1_0.photo,
        r1_0.room_price,
        r1_0.room_type 
    from
        room r1_0 
    where
        r1_0.id=?
Hibernate: 
    select
        r1_0.id,
        r1_0.is_booked,
        r1_0.photo,
        r1_0.room_price,
        r1_0.room_type 
    from
        room r1_0 
    where
        r1_0.id=?
2025-09-18T09:41:58.347+05:30 DEBUG 75389 --- [nio-8080-exec-7] org.hibernate.SQL                        : 
    select
        r1_0.id,
        r1_0.is_booked,
        r1_0.photo,
        r1_0.room_price,
        r1_0.room_type 
    from
        room r1_0 
    where
        r1_0.id=?
Hibernate: 
    select
        r1_0.id,
        r1_0.is_booked,
        r1_0.photo,
        r1_0.room_price,
        r1_0.room_type 
    from
        room r1_0 
    where
        r1_0.id=?
2025-09-18T09:42:01.762+05:30 DEBUG 75389 --- [nio-8080-exec-8] org.hibernate.SQL                        : 
    select
        r1_0.id,
        r1_0.is_booked,
        r1_0.photo,
        r1_0.room_price,
        r1_0.room_type 
    from
        room r1_0 
    where
        r1_0.id=?
Hibernate: 
    select
        r1_0.id,
        r1_0.is_booked,
        r1_0.photo,
        r1_0.room_price,
        r1_0.room_type 
    from
        room r1_0 
    where
        r1_0.id=?
2025-09-18T09:43:09.419+05:30  INFO 75389 --- [ionShutdownHook] j.LocalContainerEntityManagerFactoryBean : Closing JPA EntityManagerFactory for persistence unit 'default'
2025-09-18T09:43:09.420+05:30  INFO 75389 --- [ionShutdownHook] com.zaxxer.hikari.HikariDataSource       : HikariPool-1 - Shutdown initiated...
2025-09-18T09:43:09.423+05:30  INFO 75389 --- [ionShutdownHook] com.zaxxer.hikari.HikariDataSource       : HikariPool-1 - Shutdown completed.
