[INFO] Scanning for projects...
[INFO] 
[INFO] ------------------< com.dailycodework:lakeSide-hotel >------------------
[INFO] Building lakeSide-hotel 0.0.1-SNAPSHOT
[INFO]   from pom.xml
[INFO] --------------------------------[ jar ]---------------------------------
[INFO] 
[INFO] >>> spring-boot:3.1.4:run (default-cli) > test-compile @ lakeSide-hotel >>>
[INFO] 
[INFO] --- resources:3.3.1:resources (default-resources) @ lakeSide-hotel ---
[INFO] Copying 2 resources from src/main/resources to target/classes
[INFO] Copying 8 resources from src/main/resources to target/classes
[INFO] 
[INFO] --- compiler:3.11.0:compile (default-compile) @ lakeSide-hotel ---
[INFO] Nothing to compile - all classes are up to date
[INFO] 
[INFO] --- resources:3.3.1:testResources (default-testResources) @ lakeSide-hotel ---
[INFO] skip non existing resourceDirectory /Users/hariparthu/Hari Documents/JAVA/pro 2/lakeSide-hotel-demo-server-master/src/test/resources
[INFO] 
[INFO] --- compiler:3.11.0:testCompile (default-testCompile) @ lakeSide-hotel ---
[INFO] Nothing to compile - all classes are up to date
[INFO] 
[INFO] <<< spring-boot:3.1.4:run (default-cli) < test-compile @ lakeSide-hotel <<<
[INFO] 
[INFO] 
[INFO] --- spring-boot:3.1.4:run (default-cli) @ lakeSide-hotel ---
[INFO] Attaching agents: []

  .   ____          _            __ _ _
 /\\ / ___'_ __ _ _(_)_ __  __ _ \ \ \ \
( ( )\___ | '_ | '_| | '_ \/ _` | \ \ \ \
 \\/  ___)| |_)| | | | | || (_| |  ) ) ) )
  '  |____| .__|_| |_|_| |_\__, | / / / /
 =========|_|==============|___/=/_/_/_/
 :: Spring Boot ::                (v3.1.4)

2025-09-17T23:24:03.891+05:30  INFO 20590 --- [           main] c.d.l.LakeSideHotelApplication           : Starting LakeSideHotelApplication using Java 21.0.8 with PID 20590 (/Users/hariparthu/Hari Documents/JAVA/pro 2/lakeSide-hotel-demo-server-master/target/classes started by hariparthu in /Users/hariparthu/Hari Documents/JAVA/pro 2/lakeSide-hotel-demo-server-master)
2025-09-17T23:24:03.892+05:30  INFO 20590 --- [           main] c.d.l.LakeSideHotelApplication           : No active profile set, falling back to 1 default profile: "default"
2025-09-17T23:24:04.113+05:30  INFO 20590 --- [           main] .s.d.r.c.RepositoryConfigurationDelegate : Bootstrapping Spring Data JPA repositories in DEFAULT mode.
2025-09-17T23:24:04.130+05:30  INFO 20590 --- [           main] .s.d.r.c.RepositoryConfigurationDelegate : Finished Spring Data repository scanning in 15 ms. Found 4 JPA repository interfaces.
2025-09-17T23:24:04.311+05:30  INFO 20590 --- [           main] o.s.b.w.embedded.tomcat.TomcatWebServer  : Tomcat initialized with port(s): 8080 (http)
2025-09-17T23:24:04.314+05:30  INFO 20590 --- [           main] o.apache.catalina.core.StandardService   : Starting service [Tomcat]
2025-09-17T23:24:04.314+05:30  INFO 20590 --- [           main] o.apache.catalina.core.StandardEngine    : Starting Servlet engine: [Apache Tomcat/10.1.13]
2025-09-17T23:24:04.338+05:30  INFO 20590 --- [           main] o.a.c.c.C.[Tomcat].[localhost].[/]       : Initializing Spring embedded WebApplicationContext
2025-09-17T23:24:04.338+05:30  INFO 20590 --- [           main] w.s.c.ServletWebServerApplicationContext : Root WebApplicationContext: initialization completed in 379 ms
2025-09-17T23:24:04.384+05:30  INFO 20590 --- [           main] o.hibernate.jpa.internal.util.LogHelper  : HHH000204: Processing PersistenceUnitInfo [name: default]
2025-09-17T23:24:04.396+05:30  INFO 20590 --- [           main] org.hibernate.Version                    : HHH000412: Hibernate ORM core version 6.2.9.Final
2025-09-17T23:24:04.396+05:30  INFO 20590 --- [           main] org.hibernate.cfg.Environment            : HHH000406: Using bytecode reflection optimizer
2025-09-17T23:24:04.429+05:30  INFO 20590 --- [           main] o.h.b.i.BytecodeProviderInitiator        : HHH000021: Bytecode provider name : bytebuddy
2025-09-17T23:24:04.463+05:30  INFO 20590 --- [           main] o.s.o.j.p.SpringPersistenceUnitInfo      : No LoadTimeWeaver setup: ignoring JPA class transformer
2025-09-17T23:24:04.467+05:30  INFO 20590 --- [           main] com.zaxxer.hikari.HikariDataSource       : HikariPool-1 - Starting...
2025-09-17T23:24:04.571+05:30  INFO 20590 --- [           main] com.zaxxer.hikari.pool.HikariPool        : HikariPool-1 - Added connection com.mysql.cj.jdbc.ConnectionImpl@28519bfb
2025-09-17T23:24:04.572+05:30  INFO 20590 --- [           main] com.zaxxer.hikari.HikariDataSource       : HikariPool-1 - Start completed.
2025-09-17T23:24:04.642+05:30  INFO 20590 --- [           main] o.h.b.i.BytecodeProviderInitiator        : HHH000021: Bytecode provider name : bytebuddy
2025-09-17T23:24:04.857+05:30  INFO 20590 --- [           main] o.h.e.t.j.p.i.JtaPlatformInitiator       : HHH000490: Using JtaPlatform implementation: [org.hibernate.engine.transaction.jta.platform.internal.NoJtaPlatform]
2025-09-17T23:24:04.892+05:30  INFO 20590 --- [           main] j.LocalContainerEntityManagerFactoryBean : Initialized JPA EntityManagerFactory for persistence unit 'default'
2025-09-17T23:24:05.088+05:30  INFO 20590 --- [           main] o.s.d.j.r.query.QueryEnhancerFactory     : Hibernate is in classpath; If applicable, HQL parser will be used.
2025-09-17T23:24:05.258+05:30  WARN 20590 --- [           main] JpaBaseConfiguration$JpaWebConfiguration : spring.jpa.open-in-view is enabled by default. Therefore, database queries may be performed during view rendering. Explicitly configure spring.jpa.open-in-view to disable this warning
2025-09-17T23:24:05.379+05:30  INFO 20590 --- [           main] o.s.s.web.DefaultSecurityFilterChain     : Will secure any request with [org.springframework.security.web.session.DisableEncodeUrlFilter@7dc155b3, org.springframework.security.web.context.request.async.WebAsyncManagerIntegrationFilter@725f1346, org.springframework.security.web.context.SecurityContextHolderFilter@61668c05, org.springframework.security.web.header.HeaderWriterFilter@49e4b332, org.springframework.security.web.authentication.logout.LogoutFilter@ee395c, com.dailycodework.lakesidehotel.security.jwt.AuthTokenFilter@3a2881d6, org.springframework.security.web.authentication.UsernamePasswordAuthenticationFilter@23243385, org.springframework.security.web.savedrequest.RequestCacheAwareFilter@5c085d4a, org.springframework.security.web.servletapi.SecurityContextHolderAwareRequestFilter@3fc0a2c, org.springframework.security.web.authentication.AnonymousAuthenticationFilter@7065ae93, org.springframework.security.web.session.SessionManagementFilter@3e8742de, org.springframework.security.web.access.ExceptionTranslationFilter@53b1a09f, org.springframework.security.web.access.intercept.AuthorizationFilter@2095e085]
2025-09-17T23:24:05.485+05:30  INFO 20590 --- [           main] o.s.b.w.embedded.tomcat.TomcatWebServer  : Tomcat started on port(s): 8080 (http) with context path ''
2025-09-17T23:24:05.488+05:30  INFO 20590 --- [           main] c.d.l.LakeSideHotelApplication           : Started LakeSideHotelApplication in 1.699 seconds (process running for 1.796)
2025-09-17T23:24:05.507+05:30 DEBUG 20590 --- [           main] org.hibernate.SQL                        : 
    select
        count(*) 
    from
        room r1_0
Hibernate: 
    select
        count(*) 
    from
        room r1_0
2025-09-17T23:24:05.510+05:30  INFO 20590 --- [           main] c.d.l.service.DataInitializationService  : Room data already exists, skipping initialization.
2025-09-17T23:24:24.098+05:30  INFO 20590 --- [nio-8080-exec-1] o.a.c.c.C.[Tomcat].[localhost].[/]       : Initializing Spring DispatcherServlet 'dispatcherServlet'
2025-09-17T23:24:24.098+05:30  INFO 20590 --- [nio-8080-exec-1] o.s.web.servlet.DispatcherServlet        : Initializing Servlet 'dispatcherServlet'
2025-09-17T23:24:24.098+05:30  INFO 20590 --- [nio-8080-exec-1] o.s.web.servlet.DispatcherServlet        : Completed initialization in 0 ms
2025-09-17T23:24:24.118+05:30 DEBUG 20590 --- [nio-8080-exec-1] org.hibernate.SQL                        : 
    select
        r1_0.id,
        r1_0.is_booked,
        r1_0.photo,
        r1_0.room_price,
        r1_0.room_type 
    from
        room r1_0
Hibernate: 
    select
        r1_0.id,
        r1_0.is_booked,
        r1_0.photo,
        r1_0.room_price,
        r1_0.room_type 
    from
        room r1_0
2025-09-17T23:24:24.132+05:30 DEBUG 20590 --- [nio-8080-exec-1] org.hibernate.SQL                        : 
    select
        distinct r1_0.room_type 
    from
        room r1_0
Hibernate: 
    select
        distinct r1_0.room_type 
    from
        room r1_0
2025-09-17T23:25:54.553+05:30 DEBUG 20590 --- [nio-8080-exec-3] org.hibernate.SQL                        : 
    select
        r1_0.id,
        r1_0.is_booked,
        r1_0.photo,
        r1_0.room_price,
        r1_0.room_type 
    from
        room r1_0
Hibernate: 
    select
        r1_0.id,
        r1_0.is_booked,
        r1_0.photo,
        r1_0.room_price,
        r1_0.room_type 
    from
        room r1_0
2025-09-17T23:25:54.565+05:30 DEBUG 20590 --- [nio-8080-exec-3] org.hibernate.SQL                        : 
    select
        distinct r1_0.room_type 
    from
        room r1_0
Hibernate: 
    select
        distinct r1_0.room_type 
    from
        room r1_0
2025-09-17T23:31:09.549+05:30 DEBUG 20590 --- [nio-8080-exec-6] org.hibernate.SQL                        : 
    select
        r1_0.id,
        r1_0.is_booked,
        r1_0.photo,
        r1_0.room_price,
        r1_0.room_type 
    from
        room r1_0
Hibernate: 
    select
        r1_0.id,
        r1_0.is_booked,
        r1_0.photo,
        r1_0.room_price,
        r1_0.room_type 
    from
        room r1_0
2025-09-17T23:31:09.555+05:30 DEBUG 20590 --- [nio-8080-exec-6] org.hibernate.SQL                        : 
    select
        distinct r1_0.room_type 
    from
        room r1_0
Hibernate: 
    select
        distinct r1_0.room_type 
    from
        room r1_0
2025-09-17T23:31:13.002+05:30 DEBUG 20590 --- [nio-8080-exec-8] org.hibernate.SQL                        : 
    select
        r1_0.id,
        r1_0.is_booked,
        r1_0.photo,
        r1_0.room_price,
        r1_0.room_type 
    from
        room r1_0
Hibernate: 
    select
        r1_0.id,
        r1_0.is_booked,
        r1_0.photo,
        r1_0.room_price,
        r1_0.room_type 
    from
        room r1_0
2025-09-17T23:31:13.014+05:30 DEBUG 20590 --- [nio-8080-exec-8] org.hibernate.SQL                        : 
    select
        distinct r1_0.room_type 
    from
        room r1_0
Hibernate: 
    select
        distinct r1_0.room_type 
    from
        room r1_0
[INFO] ------------------------------------------------------------------------
[INFO] BUILD FAILURE
[INFO] ------------------------------------------------------------------------
[INFO] Total time:  07:58 min
[INFO] Finished at: 2025-09-17T23:32:01+05:30
[INFO] ------------------------------------------------------------------------
[ERROR] Failed to execute goal org.springframework.boot:spring-boot-maven-plugin:3.1.4:run (default-cli) on project lakeSide-hotel: Process terminated with exit code: 137 -> [Help 1]
[ERROR] 
[ERROR] To see the full stack trace of the errors, re-run Maven with the -e switch.
[ERROR] Re-run Maven using the -X switch to enable full debug logging.
[ERROR] 
[ERROR] For more information about the errors and possible solutions, please read the following articles:
[ERROR] [Help 1] http://cwiki.apache.org/confluence/display/MAVEN/MojoExecutionException
